<?xml version="1.0" encoding="UTF-8"?>
<!-- Generated by org.testng.reporters.JUnitReportReporter -->
<testsuite skipped="0" hostname="Rohit-VAIO" name="com.qa.test.DemoTest" tests="2" failures="0" timestamp="2019-09-30T12:51:35 IST" time="0.022" errors="0">
  <testcase name="sub" time="0.022" classname="com.qa.test.DemoTest"/>
  <testcase name="sum" time="0.000" classname="com.qa.test.DemoTest"/>
</testsuite> <!-- com.qa.test.DemoTest -->
